{"C:\\Users\\Lenovo\\Desktop\\lowcode\\packages\\moten-ui\\src\\components\\column\\index.ts": {"path":"C:\\Users\\Lenovo\\Desktop\\lowcode\\packages\\moten-ui\\src\\components\\column\\index.ts","all":true,"statementMap":{"0":{"start":{"line":1,"column":0},"end":{"line":1,"column":49}},"1":{"start":{"line":2,"column":0},"end":{"line":2,"column":36}},"4":{"start":{"line":5,"column":0},"end":{"line":5,"column":50}}},"s":{"0":0,"1":0,"4":0},"branchMap":{"0":{"type":"branch","line":1,"loc":{"start":{"line":1,"column":180},"end":{"line":5,"column":50}},"locations":[{"start":{"line":1,"column":180},"end":{"line":5,"column":50}}]}},"b":{"0":[0]},"fnMap":{"0":{"name":"(empty-report)","decl":{"start":{"line":1,"column":180},"end":{"line":5,"column":50}},"loc":{"start":{"line":1,"column":180},"end":{"line":5,"column":50}},"line":1}},"f":{"0":0}}
,"C:\\Users\\Lenovo\\Desktop\\lowcode\\packages\\moten-ui\\src\\components\\column\\index.vue": {"path":"C:\\Users\\Lenovo\\Desktop\\lowcode\\packages\\moten-ui\\src\\components\\column\\index.vue","all":true,"statementMap":{"1":{"start":{"line":2,"column":0},"end":{"line":2,"column":42}},"2":{"start":{"line":3,"column":0},"end":{"line":3,"column":94}},"3":{"start":{"line":4,"column":0},"end":{"line":4,"column":68}},"4":{"start":{"line":5,"column":0},"end":{"line":5,"column":14}},"5":{"start":{"line":6,"column":0},"end":{"line":6,"column":10}},"10":{"start":{"line":11,"column":0},"end":{"line":11,"column":53}},"11":{"start":{"line":12,"column":0},"end":{"line":12,"column":39}},"12":{"start":{"line":13,"column":0},"end":{"line":13,"column":31}},"14":{"start":{"line":15,"column":0},"end":{"line":15,"column":39}},"18":{"start":{"line":19,"column":0},"end":{"line":19,"column":36}},"19":{"start":{"line":20,"column":0},"end":{"line":20,"column":54}},"20":{"start":{"line":21,"column":0},"end":{"line":21,"column":37}},"21":{"start":{"line":22,"column":0},"end":{"line":22,"column":77}},"22":{"start":{"line":23,"column":0},"end":{"line":23,"column":81}},"23":{"start":{"line":24,"column":0},"end":{"line":24,"column":65}},"24":{"start":{"line":25,"column":0},"end":{"line":25,"column":98}},"25":{"start":{"line":26,"column":0},"end":{"line":26,"column":85}}},"s":{"1":0,"2":0,"3":0,"4":0,"5":0,"10":0,"11":0,"12":0,"14":0,"18":0,"19":0,"20":0,"21":0,"22":0,"23":0,"24":0,"25":0},"branchMap":{"0":{"type":"branch","line":1,"loc":{"start":{"line":1,"column":1131},"end":{"line":31,"column":8}},"locations":[{"start":{"line":1,"column":1131},"end":{"line":31,"column":8}}]}},"b":{"0":[1]},"fnMap":{"0":{"name":"(empty-report)","decl":{"start":{"line":1,"column":1131},"end":{"line":31,"column":8}},"loc":{"start":{"line":1,"column":1131},"end":{"line":31,"column":8}},"line":1}},"f":{"0":1}}
,"C:\\Users\\Lenovo\\Desktop\\lowcode\\packages\\moten-ui\\src\\components\\column\\props.ts": {"path":"C:\\Users\\Lenovo\\Desktop\\lowcode\\packages\\moten-ui\\src\\components\\column\\props.ts","all":true,"statementMap":{"18":{"start":{"line":19,"column":0},"end":{"line":19,"column":22}},"19":{"start":{"line":20,"column":0},"end":{"line":20,"column":9}},"20":{"start":{"line":21,"column":0},"end":{"line":21,"column":48}},"21":{"start":{"line":22,"column":0},"end":{"line":22,"column":21}},"22":{"start":{"line":23,"column":0},"end":{"line":23,"column":13}},"23":{"start":{"line":24,"column":0},"end":{"line":24,"column":28}},"24":{"start":{"line":25,"column":0},"end":{"line":25,"column":27}},"25":{"start":{"line":26,"column":0},"end":{"line":26,"column":8}},"26":{"start":{"line":27,"column":0},"end":{"line":27,"column":19}},"27":{"start":{"line":28,"column":0},"end":{"line":28,"column":20}},"28":{"start":{"line":29,"column":0},"end":{"line":29,"column":19}},"29":{"start":{"line":30,"column":0},"end":{"line":30,"column":8}},"30":{"start":{"line":31,"column":0},"end":{"line":31,"column":7}},"31":{"start":{"line":32,"column":0},"end":{"line":32,"column":4}},"32":{"start":{"line":33,"column":0},"end":{"line":33,"column":13}},"33":{"start":{"line":34,"column":0},"end":{"line":34,"column":47}},"34":{"start":{"line":35,"column":0},"end":{"line":35,"column":28}},"35":{"start":{"line":36,"column":0},"end":{"line":36,"column":4}},"36":{"start":{"line":37,"column":0},"end":{"line":37,"column":13}},"37":{"start":{"line":38,"column":0},"end":{"line":38,"column":48}},"38":{"start":{"line":39,"column":0},"end":{"line":39,"column":23}},"39":{"start":{"line":40,"column":0},"end":{"line":40,"column":28}},"40":{"start":{"line":41,"column":0},"end":{"line":41,"column":49}},"41":{"start":{"line":42,"column":0},"end":{"line":42,"column":6}},"42":{"start":{"line":43,"column":0},"end":{"line":43,"column":4}},"43":{"start":{"line":44,"column":0},"end":{"line":44,"column":2}}},"s":{"18":0,"19":0,"20":0,"21":0,"22":0,"23":0,"24":0,"25":0,"26":0,"27":0,"28":0,"29":0,"30":0,"31":0,"32":0,"33":0,"34":0,"35":0,"36":0,"37":0,"38":0,"39":0,"40":0,"41":0,"42":0,"43":0},"branchMap":{"0":{"type":"branch","line":1,"loc":{"start":{"line":1,"column":904},"end":{"line":44,"column":2}},"locations":[{"start":{"line":1,"column":904},"end":{"line":44,"column":2}}]}},"b":{"0":[1]},"fnMap":{"0":{"name":"(empty-report)","decl":{"start":{"line":1,"column":904},"end":{"line":44,"column":2}},"loc":{"start":{"line":1,"column":904},"end":{"line":44,"column":2}},"line":1}},"f":{"0":1}}
,"C:\\Users\\Lenovo\\Desktop\\lowcode\\packages\\moten-ui\\src\\components\\empty\\index.ts": {"path":"C:\\Users\\Lenovo\\Desktop\\lowcode\\packages\\moten-ui\\src\\components\\empty\\index.ts","all":false,"statementMap":{"0":{"start":{"line":1,"column":0},"end":{"line":1,"column":49}},"1":{"start":{"line":2,"column":0},"end":{"line":2,"column":36}},"4":{"start":{"line":5,"column":0},"end":{"line":5,"column":50}}},"s":{"0":1,"1":1,"4":1},"branchMap":{},"b":{},"fnMap":{},"f":{}}
,"C:\\Users\\Lenovo\\Desktop\\lowcode\\packages\\moten-ui\\src\\components\\empty\\index.vue": {"path":"C:\\Users\\Lenovo\\Desktop\\lowcode\\packages\\moten-ui\\src\\components\\empty\\index.vue","all":false,"statementMap":{"1":{"start":{"line":2,"column":0},"end":{"line":2,"column":26}},"2":{"start":{"line":3,"column":0},"end":{"line":3,"column":38}},"3":{"start":{"line":4,"column":0},"end":{"line":4,"column":60}},"4":{"start":{"line":5,"column":0},"end":{"line":5,"column":10}},"9":{"start":{"line":10,"column":0},"end":{"line":10,"column":53}},"10":{"start":{"line":11,"column":0},"end":{"line":11,"column":39}},"11":{"start":{"line":12,"column":0},"end":{"line":12,"column":52}},"12":{"start":{"line":13,"column":0},"end":{"line":13,"column":31}},"14":{"start":{"line":15,"column":0},"end":{"line":15,"column":38}},"16":{"start":{"line":17,"column":0},"end":{"line":17,"column":36}},"17":{"start":{"line":18,"column":0},"end":{"line":18,"column":48}},"18":{"start":{"line":19,"column":0},"end":{"line":19,"column":37}},"19":{"start":{"line":20,"column":0},"end":{"line":20,"column":53}}},"s":{"1":1,"2":1,"3":1,"4":1,"9":1,"10":1,"11":1,"12":1,"14":1,"16":1,"17":1,"18":1,"19":1},"branchMap":{"0":{"type":"branch","line":19,"loc":{"start":{"line":19,"column":25},"end":{"line":19,"column":36}},"locations":[{"start":{"line":19,"column":25},"end":{"line":19,"column":36}}]},"1":{"type":"branch","line":20,"loc":{"start":{"line":20,"column":21},"end":{"line":20,"column":52}},"locations":[{"start":{"line":20,"column":21},"end":{"line":20,"column":52}}]}},"b":{"0":[1],"1":[1]},"fnMap":{},"f":{}}
,"C:\\Users\\Lenovo\\Desktop\\lowcode\\packages\\moten-ui\\src\\components\\empty\\props.ts": {"path":"C:\\Users\\Lenovo\\Desktop\\lowcode\\packages\\moten-ui\\src\\components\\empty\\props.ts","all":false,"statementMap":{"2":{"start":{"line":3,"column":0},"end":{"line":3,"column":22}},"3":{"start":{"line":4,"column":0},"end":{"line":4,"column":10}},"4":{"start":{"line":5,"column":0},"end":{"line":5,"column":17}},"5":{"start":{"line":6,"column":0},"end":{"line":6,"column":16}},"6":{"start":{"line":7,"column":0},"end":{"line":7,"column":4}},"7":{"start":{"line":8,"column":0},"end":{"line":8,"column":16}},"8":{"start":{"line":9,"column":0},"end":{"line":9,"column":17}},"9":{"start":{"line":10,"column":0},"end":{"line":10,"column":16}},"10":{"start":{"line":11,"column":0},"end":{"line":11,"column":4}},"11":{"start":{"line":12,"column":0},"end":{"line":12,"column":2}}},"s":{"2":1,"3":1,"4":1,"5":1,"6":1,"7":1,"8":1,"9":1,"10":1,"11":1},"branchMap":{},"b":{},"fnMap":{},"f":{}}
,"C:\\Users\\Lenovo\\Desktop\\lowcode\\packages\\moten-ui\\src\\components\\image\\index.ts": {"path":"C:\\Users\\Lenovo\\Desktop\\lowcode\\packages\\moten-ui\\src\\components\\image\\index.ts","all":true,"statementMap":{"0":{"start":{"line":1,"column":0},"end":{"line":1,"column":49}},"1":{"start":{"line":2,"column":0},"end":{"line":2,"column":36}},"4":{"start":{"line":5,"column":0},"end":{"line":5,"column":50}}},"s":{"0":0,"1":0,"4":0},"branchMap":{"0":{"type":"branch","line":1,"loc":{"start":{"line":1,"column":180},"end":{"line":5,"column":50}},"locations":[{"start":{"line":1,"column":180},"end":{"line":5,"column":50}}]}},"b":{"0":[0]},"fnMap":{"0":{"name":"(empty-report)","decl":{"start":{"line":1,"column":180},"end":{"line":5,"column":50}},"loc":{"start":{"line":1,"column":180},"end":{"line":5,"column":50}},"line":1}},"f":{"0":0}}
,"C:\\Users\\Lenovo\\Desktop\\lowcode\\packages\\moten-ui\\src\\components\\image\\index.vue": {"path":"C:\\Users\\Lenovo\\Desktop\\lowcode\\packages\\moten-ui\\src\\components\\image\\index.vue","all":true,"statementMap":{"1":{"start":{"line":2,"column":0},"end":{"line":2,"column":48}},"2":{"start":{"line":3,"column":0},"end":{"line":3,"column":55}},"3":{"start":{"line":4,"column":0},"end":{"line":4,"column":81}},"4":{"start":{"line":5,"column":0},"end":{"line":5,"column":18}},"5":{"start":{"line":6,"column":0},"end":{"line":6,"column":37}},"6":{"start":{"line":7,"column":0},"end":{"line":7,"column":56}},"7":{"start":{"line":8,"column":0},"end":{"line":8,"column":14}},"8":{"start":{"line":9,"column":0},"end":{"line":9,"column":10}},"13":{"start":{"line":14,"column":0},"end":{"line":14,"column":53}},"14":{"start":{"line":15,"column":0},"end":{"line":15,"column":47}},"15":{"start":{"line":16,"column":0},"end":{"line":16,"column":31}},"16":{"start":{"line":17,"column":0},"end":{"line":17,"column":38}},"17":{"start":{"line":18,"column":0},"end":{"line":18,"column":40}},"19":{"start":{"line":20,"column":0},"end":{"line":20,"column":38}},"23":{"start":{"line":24,"column":0},"end":{"line":24,"column":35}},"24":{"start":{"line":25,"column":0},"end":{"line":25,"column":36}},"25":{"start":{"line":26,"column":0},"end":{"line":26,"column":44}},"26":{"start":{"line":27,"column":0},"end":{"line":27,"column":37}},"27":{"start":{"line":28,"column":0},"end":{"line":28,"column":67}},"28":{"start":{"line":29,"column":0},"end":{"line":29,"column":71}},"29":{"start":{"line":30,"column":0},"end":{"line":30,"column":69}},"30":{"start":{"line":31,"column":0},"end":{"line":31,"column":73}},"31":{"start":{"line":32,"column":0},"end":{"line":32,"column":77}},"32":{"start":{"line":33,"column":0},"end":{"line":33,"column":32}},"33":{"start":{"line":34,"column":0},"end":{"line":34,"column":57}},"34":{"start":{"line":35,"column":0},"end":{"line":35,"column":56}},"35":{"start":{"line":36,"column":0},"end":{"line":36,"column":2}},"37":{"start":{"line":38,"column":0},"end":{"line":38,"column":37}},"38":{"start":{"line":39,"column":0},"end":{"line":39,"column":32}},"39":{"start":{"line":40,"column":0},"end":{"line":40,"column":80}},"40":{"start":{"line":41,"column":0},"end":{"line":41,"column":12}},"41":{"start":{"line":42,"column":0},"end":{"line":42,"column":56}},"42":{"start":{"line":43,"column":0},"end":{"line":43,"column":5}},"43":{"start":{"line":44,"column":0},"end":{"line":44,"column":2}}},"s":{"1":0,"2":0,"3":0,"4":0,"5":0,"6":0,"7":0,"8":0,"13":0,"14":0,"15":0,"16":0,"17":0,"19":0,"23":0,"24":0,"25":0,"26":0,"27":0,"28":0,"29":0,"30":0,"31":0,"32":0,"33":0,"34":0,"35":0,"37":0,"38":0,"39":0,"40":0,"41":0,"42":0,"43":0},"branchMap":{"0":{"type":"branch","line":1,"loc":{"start":{"line":1,"column":1699},"end":{"line":49,"column":8}},"locations":[{"start":{"line":1,"column":1699},"end":{"line":49,"column":8}}]}},"b":{"0":[1]},"fnMap":{"0":{"name":"(empty-report)","decl":{"start":{"line":1,"column":1699},"end":{"line":49,"column":8}},"loc":{"start":{"line":1,"column":1699},"end":{"line":49,"column":8}},"line":1}},"f":{"0":1}}
,"C:\\Users\\Lenovo\\Desktop\\lowcode\\packages\\moten-ui\\src\\components\\image\\props.ts": {"path":"C:\\Users\\Lenovo\\Desktop\\lowcode\\packages\\moten-ui\\src\\components\\image\\props.ts","all":true,"statementMap":{"29":{"start":{"line":30,"column":0},"end":{"line":30,"column":22}},"30":{"start":{"line":31,"column":0},"end":{"line":31,"column":9}},"31":{"start":{"line":32,"column":0},"end":{"line":32,"column":47}},"32":{"start":{"line":33,"column":0},"end":{"line":33,"column":21}},"33":{"start":{"line":34,"column":0},"end":{"line":34,"column":16}},"34":{"start":{"line":35,"column":0},"end":{"line":35,"column":20}},"35":{"start":{"line":36,"column":0},"end":{"line":36,"column":19}},"36":{"start":{"line":37,"column":0},"end":{"line":37,"column":8}},"37":{"start":{"line":38,"column":0},"end":{"line":38,"column":12}},"38":{"start":{"line":39,"column":0},"end":{"line":39,"column":20}},"39":{"start":{"line":40,"column":0},"end":{"line":40,"column":19}},"40":{"start":{"line":41,"column":0},"end":{"line":41,"column":8}},"41":{"start":{"line":42,"column":0},"end":{"line":42,"column":13}},"42":{"start":{"line":43,"column":0},"end":{"line":43,"column":20}},"43":{"start":{"line":44,"column":0},"end":{"line":44,"column":19}},"44":{"start":{"line":45,"column":0},"end":{"line":45,"column":8}},"45":{"start":{"line":46,"column":0},"end":{"line":46,"column":14}},"46":{"start":{"line":47,"column":0},"end":{"line":47,"column":20}},"47":{"start":{"line":48,"column":0},"end":{"line":48,"column":19}},"48":{"start":{"line":49,"column":0},"end":{"line":49,"column":8}},"49":{"start":{"line":50,"column":0},"end":{"line":50,"column":15}},"50":{"start":{"line":51,"column":0},"end":{"line":51,"column":20}},"51":{"start":{"line":52,"column":0},"end":{"line":52,"column":19}},"52":{"start":{"line":53,"column":0},"end":{"line":53,"column":8}},"53":{"start":{"line":54,"column":0},"end":{"line":54,"column":7}},"54":{"start":{"line":55,"column":0},"end":{"line":55,"column":4}},"55":{"start":{"line":56,"column":0},"end":{"line":56,"column":13}},"56":{"start":{"line":57,"column":0},"end":{"line":57,"column":48}},"57":{"start":{"line":58,"column":0},"end":{"line":58,"column":23}},"58":{"start":{"line":59,"column":0},"end":{"line":59,"column":28}},"59":{"start":{"line":60,"column":0},"end":{"line":60,"column":49}},"60":{"start":{"line":61,"column":0},"end":{"line":61,"column":6}},"61":{"start":{"line":62,"column":0},"end":{"line":62,"column":4}},"62":{"start":{"line":63,"column":0},"end":{"line":63,"column":2}}},"s":{"29":0,"30":0,"31":0,"32":0,"33":0,"34":0,"35":0,"36":0,"37":0,"38":0,"39":0,"40":0,"41":0,"42":0,"43":0,"44":0,"45":0,"46":0,"47":0,"48":0,"49":0,"50":0,"51":0,"52":0,"53":0,"54":0,"55":0,"56":0,"57":0,"58":0,"59":0,"60":0,"61":0,"62":0},"branchMap":{"0":{"type":"branch","line":1,"loc":{"start":{"line":1,"column":1128},"end":{"line":63,"column":2}},"locations":[{"start":{"line":1,"column":1128},"end":{"line":63,"column":2}}]}},"b":{"0":[1]},"fnMap":{"0":{"name":"(empty-report)","decl":{"start":{"line":1,"column":1128},"end":{"line":63,"column":2}},"loc":{"start":{"line":1,"column":1128},"end":{"line":63,"column":2}},"line":1}},"f":{"0":1}}
,"C:\\Users\\Lenovo\\Desktop\\lowcode\\packages\\moten-ui\\src\\components\\link\\index.ts": {"path":"C:\\Users\\Lenovo\\Desktop\\lowcode\\packages\\moten-ui\\src\\components\\link\\index.ts","all":true,"statementMap":{"0":{"start":{"line":1,"column":0},"end":{"line":1,"column":49}},"1":{"start":{"line":2,"column":0},"end":{"line":2,"column":36}},"4":{"start":{"line":5,"column":0},"end":{"line":5,"column":50}}},"s":{"0":0,"1":0,"4":0},"branchMap":{"0":{"type":"branch","line":1,"loc":{"start":{"line":1,"column":180},"end":{"line":5,"column":50}},"locations":[{"start":{"line":1,"column":180},"end":{"line":5,"column":50}}]}},"b":{"0":[0]},"fnMap":{"0":{"name":"(empty-report)","decl":{"start":{"line":1,"column":180},"end":{"line":5,"column":50}},"loc":{"start":{"line":1,"column":180},"end":{"line":5,"column":50}},"line":1}},"f":{"0":0}}
,"C:\\Users\\Lenovo\\Desktop\\lowcode\\packages\\moten-ui\\src\\components\\link\\index.vue": {"path":"C:\\Users\\Lenovo\\Desktop\\lowcode\\packages\\moten-ui\\src\\components\\link\\index.vue","all":true,"statementMap":{"1":{"start":{"line":2,"column":0},"end":{"line":2,"column":95}},"2":{"start":{"line":3,"column":0},"end":{"line":3,"column":21}},"3":{"start":{"line":4,"column":0},"end":{"line":4,"column":16}},"7":{"start":{"line":8,"column":0},"end":{"line":8,"column":53}},"8":{"start":{"line":9,"column":0},"end":{"line":9,"column":39}},"9":{"start":{"line":10,"column":0},"end":{"line":10,"column":31}},"11":{"start":{"line":12,"column":0},"end":{"line":12,"column":37}},"13":{"start":{"line":14,"column":0},"end":{"line":14,"column":36}},"14":{"start":{"line":15,"column":0},"end":{"line":15,"column":40}},"15":{"start":{"line":16,"column":0},"end":{"line":16,"column":37}},"16":{"start":{"line":17,"column":0},"end":{"line":17,"column":28}},"17":{"start":{"line":18,"column":0},"end":{"line":18,"column":31}},"18":{"start":{"line":19,"column":0},"end":{"line":19,"column":53}},"19":{"start":{"line":20,"column":0},"end":{"line":20,"column":2}},"21":{"start":{"line":22,"column":0},"end":{"line":22,"column":39}},"22":{"start":{"line":23,"column":0},"end":{"line":23,"column":83}},"23":{"start":{"line":24,"column":0},"end":{"line":24,"column":2}}},"s":{"1":0,"2":0,"3":0,"7":0,"8":0,"9":0,"11":0,"13":0,"14":0,"15":0,"16":0,"17":0,"18":0,"19":0,"21":0,"22":0,"23":0},"branchMap":{"0":{"type":"branch","line":1,"loc":{"start":{"line":1,"column":843},"end":{"line":29,"column":8}},"locations":[{"start":{"line":1,"column":843},"end":{"line":29,"column":8}}]}},"b":{"0":[1]},"fnMap":{"0":{"name":"(empty-report)","decl":{"start":{"line":1,"column":843},"end":{"line":29,"column":8}},"loc":{"start":{"line":1,"column":843},"end":{"line":29,"column":8}},"line":1}},"f":{"0":1}}
,"C:\\Users\\Lenovo\\Desktop\\lowcode\\packages\\moten-ui\\src\\components\\link\\props.ts": {"path":"C:\\Users\\Lenovo\\Desktop\\lowcode\\packages\\moten-ui\\src\\components\\link\\props.ts","all":true,"statementMap":{"7":{"start":{"line":8,"column":0},"end":{"line":8,"column":22}},"8":{"start":{"line":9,"column":0},"end":{"line":9,"column":7}},"9":{"start":{"line":10,"column":0},"end":{"line":10,"column":17}},"10":{"start":{"line":11,"column":0},"end":{"line":11,"column":15}},"11":{"start":{"line":12,"column":0},"end":{"line":12,"column":4}},"12":{"start":{"line":13,"column":0},"end":{"line":13,"column":11}},"13":{"start":{"line":14,"column":0},"end":{"line":14,"column":48}},"14":{"start":{"line":15,"column":0},"end":{"line":15,"column":22}},"15":{"start":{"line":16,"column":0},"end":{"line":16,"column":3}},"16":{"start":{"line":17,"column":0},"end":{"line":17,"column":2}}},"s":{"7":0,"8":0,"9":0,"10":0,"11":0,"12":0,"13":0,"14":0,"15":0,"16":0},"branchMap":{"0":{"type":"branch","line":1,"loc":{"start":{"line":1,"column":306},"end":{"line":17,"column":2}},"locations":[{"start":{"line":1,"column":306},"end":{"line":17,"column":2}}]}},"b":{"0":[1]},"fnMap":{"0":{"name":"(empty-report)","decl":{"start":{"line":1,"column":306},"end":{"line":17,"column":2}},"loc":{"start":{"line":1,"column":306},"end":{"line":17,"column":2}},"line":1}},"f":{"0":1}}
,"C:\\Users\\Lenovo\\Desktop\\lowcode\\packages\\moten-ui\\src\\components\\video\\index.ts": {"path":"C:\\Users\\Lenovo\\Desktop\\lowcode\\packages\\moten-ui\\src\\components\\video\\index.ts","all":false,"statementMap":{"0":{"start":{"line":1,"column":0},"end":{"line":1,"column":49}},"1":{"start":{"line":2,"column":0},"end":{"line":2,"column":36}},"2":{"start":{"line":3,"column":0},"end":{"line":3,"column":37}},"4":{"start":{"line":5,"column":0},"end":{"line":5,"column":51}}},"s":{"0":1,"1":1,"2":1,"4":1},"branchMap":{},"b":{},"fnMap":{},"f":{}}
,"C:\\Users\\Lenovo\\Desktop\\lowcode\\packages\\moten-ui\\src\\components\\video\\index.vue": {"path":"C:\\Users\\Lenovo\\Desktop\\lowcode\\packages\\moten-ui\\src\\components\\video\\index.vue","all":false,"statementMap":{"1":{"start":{"line":2,"column":0},"end":{"line":2,"column":64}},"2":{"start":{"line":3,"column":0},"end":{"line":3,"column":104}},"3":{"start":{"line":4,"column":0},"end":{"line":4,"column":29}},"4":{"start":{"line":5,"column":0},"end":{"line":5,"column":16}},"5":{"start":{"line":6,"column":0},"end":{"line":6,"column":10}},"6":{"start":{"line":7,"column":0},"end":{"line":7,"column":50}},"7":{"start":{"line":8,"column":0},"end":{"line":8,"column":43}},"8":{"start":{"line":9,"column":0},"end":{"line":9,"column":10}},"12":{"start":{"line":13,"column":0},"end":{"line":13,"column":53}},"13":{"start":{"line":14,"column":0},"end":{"line":14,"column":47}},"14":{"start":{"line":15,"column":0},"end":{"line":15,"column":32}},"15":{"start":{"line":16,"column":0},"end":{"line":16,"column":40}},"17":{"start":{"line":18,"column":0},"end":{"line":18,"column":38}},"21":{"start":{"line":22,"column":0},"end":{"line":22,"column":35}},"22":{"start":{"line":23,"column":0},"end":{"line":23,"column":36}},"23":{"start":{"line":24,"column":0},"end":{"line":24,"column":44}},"24":{"start":{"line":25,"column":0},"end":{"line":25,"column":37}},"25":{"start":{"line":26,"column":0},"end":{"line":26,"column":79}},"26":{"start":{"line":27,"column":0},"end":{"line":27,"column":71}},"27":{"start":{"line":28,"column":0},"end":{"line":28,"column":77}},"28":{"start":{"line":29,"column":0},"end":{"line":29,"column":73}},"29":{"start":{"line":30,"column":0},"end":{"line":30,"column":77}},"30":{"start":{"line":31,"column":0},"end":{"line":31,"column":32}},"31":{"start":{"line":32,"column":0},"end":{"line":32,"column":57}},"32":{"start":{"line":33,"column":0},"end":{"line":33,"column":56}},"33":{"start":{"line":34,"column":0},"end":{"line":34,"column":2}},"35":{"start":{"line":36,"column":0},"end":{"line":36,"column":37}},"36":{"start":{"line":37,"column":0},"end":{"line":37,"column":32}},"37":{"start":{"line":38,"column":0},"end":{"line":38,"column":80}},"38":{"start":{"line":39,"column":0},"end":{"line":39,"column":12}},"39":{"start":{"line":40,"column":0},"end":{"line":40,"column":56}},"40":{"start":{"line":41,"column":0},"end":{"line":41,"column":5}},"41":{"start":{"line":42,"column":0},"end":{"line":42,"column":2}}},"s":{"1":1,"2":1,"3":1,"4":1,"5":1,"6":1,"7":1,"8":1,"12":1,"13":1,"14":1,"15":1,"17":1,"21":1,"22":1,"23":1,"24":1,"25":1,"26":1,"27":1,"28":1,"29":1,"30":1,"31":1,"32":1,"33":1,"35":1,"36":1,"37":0,"38":1,"39":1,"40":1,"41":1},"branchMap":{"0":{"type":"branch","line":25,"loc":{"start":{"line":25,"column":25},"end":{"line":25,"column":36}},"locations":[{"start":{"line":25,"column":25},"end":{"line":25,"column":36}}]},"1":{"type":"branch","line":26,"loc":{"start":{"line":26,"column":27},"end":{"line":26,"column":78}},"locations":[{"start":{"line":26,"column":27},"end":{"line":26,"column":78}}]},"2":{"type":"branch","line":26,"loc":{"start":{"line":26,"column":45},"end":{"line":26,"column":76}},"locations":[{"start":{"line":26,"column":45},"end":{"line":26,"column":76}}]},"3":{"type":"branch","line":27,"loc":{"start":{"line":27,"column":23},"end":{"line":27,"column":70}},"locations":[{"start":{"line":27,"column":23},"end":{"line":27,"column":70}}]},"4":{"type":"branch","line":27,"loc":{"start":{"line":27,"column":41},"end":{"line":27,"column":68}},"locations":[{"start":{"line":27,"column":41},"end":{"line":27,"column":68}}]},"5":{"type":"branch","line":28,"loc":{"start":{"line":28,"column":26},"end":{"line":28,"column":76}},"locations":[{"start":{"line":28,"column":26},"end":{"line":28,"column":76}}]},"6":{"type":"branch","line":28,"loc":{"start":{"line":28,"column":69},"end":{"line":28,"column":76}},"locations":[{"start":{"line":28,"column":69},"end":{"line":28,"column":76}}]},"7":{"type":"branch","line":29,"loc":{"start":{"line":29,"column":24},"end":{"line":29,"column":72}},"locations":[{"start":{"line":29,"column":24},"end":{"line":29,"column":72}}]},"8":{"type":"branch","line":29,"loc":{"start":{"line":29,"column":42},"end":{"line":29,"column":70}},"locations":[{"start":{"line":29,"column":42},"end":{"line":29,"column":70}}]},"9":{"type":"branch","line":30,"loc":{"start":{"line":30,"column":24},"end":{"line":30,"column":76}},"locations":[{"start":{"line":30,"column":24},"end":{"line":30,"column":76}}]},"10":{"type":"branch","line":31,"loc":{"start":{"line":31,"column":25},"end":{"line":34,"column":1}},"locations":[{"start":{"line":31,"column":25},"end":{"line":34,"column":1}}]},"11":{"type":"branch","line":32,"loc":{"start":{"line":32,"column":32},"end":{"line":32,"column":57}},"locations":[{"start":{"line":32,"column":32},"end":{"line":32,"column":57}}]},"12":{"type":"branch","line":33,"loc":{"start":{"line":33,"column":30},"end":{"line":33,"column":52}},"locations":[{"start":{"line":33,"column":30},"end":{"line":33,"column":52}}]},"13":{"type":"branch","line":36,"loc":{"start":{"line":36,"column":30},"end":{"line":42,"column":1}},"locations":[{"start":{"line":36,"column":30},"end":{"line":42,"column":1}}]},"14":{"type":"branch","line":37,"loc":{"start":{"line":37,"column":31},"end":{"line":39,"column":11}},"locations":[{"start":{"line":37,"column":31},"end":{"line":39,"column":11}}]},"15":{"type":"branch","line":40,"loc":{"start":{"line":40,"column":24},"end":{"line":40,"column":54}},"locations":[{"start":{"line":40,"column":24},"end":{"line":40,"column":54}}]},"16":{"type":"branch","line":2,"loc":{"start":{"line":2,"column":54},"end":{"line":7,"column":17}},"locations":[{"start":{"line":2,"column":54},"end":{"line":7,"column":17}}]}},"b":{"0":[2],"1":[1],"2":[0],"3":[1],"4":[0],"5":[2],"6":[1],"7":[1],"8":[0],"9":[1],"10":[1],"11":[0],"12":[0],"13":[1],"14":[0],"15":[0],"16":[1]},"fnMap":{},"f":{}}
,"C:\\Users\\Lenovo\\Desktop\\lowcode\\packages\\moten-ui\\src\\components\\video\\props.ts": {"path":"C:\\Users\\Lenovo\\Desktop\\lowcode\\packages\\moten-ui\\src\\components\\video\\props.ts","all":false,"statementMap":{"33":{"start":{"line":34,"column":0},"end":{"line":34,"column":22}},"34":{"start":{"line":35,"column":0},"end":{"line":35,"column":9}},"35":{"start":{"line":36,"column":0},"end":{"line":36,"column":47}},"36":{"start":{"line":37,"column":0},"end":{"line":37,"column":21}},"37":{"start":{"line":38,"column":0},"end":{"line":38,"column":16}},"38":{"start":{"line":39,"column":0},"end":{"line":39,"column":20}},"39":{"start":{"line":40,"column":0},"end":{"line":40,"column":19}},"40":{"start":{"line":41,"column":0},"end":{"line":41,"column":8}},"41":{"start":{"line":42,"column":0},"end":{"line":42,"column":18}},"42":{"start":{"line":43,"column":0},"end":{"line":43,"column":20}},"43":{"start":{"line":44,"column":0},"end":{"line":44,"column":19}},"44":{"start":{"line":45,"column":0},"end":{"line":45,"column":8}},"45":{"start":{"line":46,"column":0},"end":{"line":46,"column":17}},"46":{"start":{"line":47,"column":0},"end":{"line":47,"column":20}},"47":{"start":{"line":48,"column":0},"end":{"line":48,"column":19}},"48":{"start":{"line":49,"column":0},"end":{"line":49,"column":8}},"49":{"start":{"line":50,"column":0},"end":{"line":50,"column":14}},"50":{"start":{"line":51,"column":0},"end":{"line":51,"column":20}},"51":{"start":{"line":52,"column":0},"end":{"line":52,"column":19}},"52":{"start":{"line":53,"column":0},"end":{"line":53,"column":8}},"53":{"start":{"line":54,"column":0},"end":{"line":54,"column":15}},"54":{"start":{"line":55,"column":0},"end":{"line":55,"column":20}},"55":{"start":{"line":56,"column":0},"end":{"line":56,"column":19}},"56":{"start":{"line":57,"column":0},"end":{"line":57,"column":8}},"57":{"start":{"line":58,"column":0},"end":{"line":58,"column":17}},"58":{"start":{"line":59,"column":0},"end":{"line":59,"column":20}},"59":{"start":{"line":60,"column":0},"end":{"line":60,"column":19}},"60":{"start":{"line":61,"column":0},"end":{"line":61,"column":8}},"61":{"start":{"line":62,"column":0},"end":{"line":62,"column":7}},"62":{"start":{"line":63,"column":0},"end":{"line":63,"column":4}},"63":{"start":{"line":64,"column":0},"end":{"line":64,"column":13}},"64":{"start":{"line":65,"column":0},"end":{"line":65,"column":48}},"65":{"start":{"line":66,"column":0},"end":{"line":66,"column":23}},"66":{"start":{"line":67,"column":0},"end":{"line":67,"column":28}},"67":{"start":{"line":68,"column":0},"end":{"line":68,"column":49}},"68":{"start":{"line":69,"column":0},"end":{"line":69,"column":6}},"69":{"start":{"line":70,"column":0},"end":{"line":70,"column":4}},"70":{"start":{"line":71,"column":0},"end":{"line":71,"column":2}}},"s":{"33":1,"34":1,"35":1,"36":1,"37":1,"38":1,"39":1,"40":1,"41":1,"42":1,"43":1,"44":1,"45":1,"46":1,"47":1,"48":1,"49":1,"50":1,"51":1,"52":1,"53":1,"54":1,"55":1,"56":1,"57":1,"58":1,"59":1,"60":1,"61":1,"62":1,"63":1,"64":1,"65":1,"66":1,"67":2,"68":2,"69":1,"70":1},"branchMap":{"0":{"type":"branch","line":37,"loc":{"start":{"line":37,"column":13},"end":{"line":62,"column":7}},"locations":[{"start":{"line":37,"column":13},"end":{"line":62,"column":7}}]},"1":{"type":"branch","line":67,"loc":{"start":{"line":67,"column":4},"end":{"line":69,"column":6}},"locations":[{"start":{"line":67,"column":4},"end":{"line":69,"column":6}}]}},"b":{"0":[1],"1":[2]},"fnMap":{"0":{"name":"default","decl":{"start":{"line":37,"column":13},"end":{"line":62,"column":7}},"loc":{"start":{"line":37,"column":13},"end":{"line":62,"column":7}},"line":37},"1":{"name":"validator","decl":{"start":{"line":67,"column":4},"end":{"line":69,"column":6}},"loc":{"start":{"line":67,"column":4},"end":{"line":69,"column":6}},"line":67}},"f":{"0":1,"1":2}}
}
