{"C:\\Users\\Lenovo\\Desktop\\lowcode\\packages\\moten-ui\\src\\components\\empty\\index.ts": {"path":"C:\\Users\\Lenovo\\Desktop\\lowcode\\packages\\moten-ui\\src\\components\\empty\\index.ts","all":false,"statementMap":{"0":{"start":{"line":1,"column":0},"end":{"line":1,"column":49}},"1":{"start":{"line":2,"column":0},"end":{"line":2,"column":36}},"4":{"start":{"line":5,"column":0},"end":{"line":5,"column":50}}},"s":{"0":1,"1":1,"4":1},"branchMap":{},"b":{},"fnMap":{},"f":{}}
,"C:\\Users\\Lenovo\\Desktop\\lowcode\\packages\\moten-ui\\src\\components\\empty\\index.vue": {"path":"C:\\Users\\Lenovo\\Desktop\\lowcode\\packages\\moten-ui\\src\\components\\empty\\index.vue","all":false,"statementMap":{"1":{"start":{"line":2,"column":0},"end":{"line":2,"column":26}},"2":{"start":{"line":3,"column":0},"end":{"line":3,"column":38}},"3":{"start":{"line":4,"column":0},"end":{"line":4,"column":60}},"4":{"start":{"line":5,"column":0},"end":{"line":5,"column":10}},"9":{"start":{"line":10,"column":0},"end":{"line":10,"column":53}},"10":{"start":{"line":11,"column":0},"end":{"line":11,"column":39}},"11":{"start":{"line":12,"column":0},"end":{"line":12,"column":52}},"12":{"start":{"line":13,"column":0},"end":{"line":13,"column":31}},"14":{"start":{"line":15,"column":0},"end":{"line":15,"column":38}},"16":{"start":{"line":17,"column":0},"end":{"line":17,"column":36}},"17":{"start":{"line":18,"column":0},"end":{"line":18,"column":48}},"18":{"start":{"line":19,"column":0},"end":{"line":19,"column":37}},"19":{"start":{"line":20,"column":0},"end":{"line":20,"column":53}}},"s":{"1":1,"2":1,"3":1,"4":1,"9":1,"10":1,"11":1,"12":1,"14":1,"16":1,"17":1,"18":1,"19":1},"branchMap":{"0":{"type":"branch","line":19,"loc":{"start":{"line":19,"column":25},"end":{"line":19,"column":36}},"locations":[{"start":{"line":19,"column":25},"end":{"line":19,"column":36}}]},"1":{"type":"branch","line":20,"loc":{"start":{"line":20,"column":21},"end":{"line":20,"column":52}},"locations":[{"start":{"line":20,"column":21},"end":{"line":20,"column":52}}]}},"b":{"0":[1],"1":[1]},"fnMap":{},"f":{}}
,"C:\\Users\\Lenovo\\Desktop\\lowcode\\packages\\moten-ui\\src\\components\\empty\\props.ts": {"path":"C:\\Users\\Lenovo\\Desktop\\lowcode\\packages\\moten-ui\\src\\components\\empty\\props.ts","all":false,"statementMap":{"2":{"start":{"line":3,"column":0},"end":{"line":3,"column":22}},"3":{"start":{"line":4,"column":0},"end":{"line":4,"column":10}},"4":{"start":{"line":5,"column":0},"end":{"line":5,"column":17}},"5":{"start":{"line":6,"column":0},"end":{"line":6,"column":16}},"6":{"start":{"line":7,"column":0},"end":{"line":7,"column":4}},"7":{"start":{"line":8,"column":0},"end":{"line":8,"column":16}},"8":{"start":{"line":9,"column":0},"end":{"line":9,"column":17}},"9":{"start":{"line":10,"column":0},"end":{"line":10,"column":16}},"10":{"start":{"line":11,"column":0},"end":{"line":11,"column":4}},"11":{"start":{"line":12,"column":0},"end":{"line":12,"column":2}}},"s":{"2":1,"3":1,"4":1,"5":1,"6":1,"7":1,"8":1,"9":1,"10":1,"11":1},"branchMap":{},"b":{},"fnMap":{},"f":{}}
,"C:\\Users\\Lenovo\\Desktop\\lowcode\\packages\\moten-ui\\src\\components\\image\\index.ts": {"path":"C:\\Users\\Lenovo\\Desktop\\lowcode\\packages\\moten-ui\\src\\components\\image\\index.ts","all":false,"statementMap":{"0":{"start":{"line":1,"column":0},"end":{"line":1,"column":49}},"1":{"start":{"line":2,"column":0},"end":{"line":2,"column":36}},"4":{"start":{"line":5,"column":0},"end":{"line":5,"column":50}}},"s":{"0":1,"1":1,"4":1},"branchMap":{},"b":{},"fnMap":{},"f":{}}
,"C:\\Users\\Lenovo\\Desktop\\lowcode\\packages\\moten-ui\\src\\components\\image\\index.vue": {"path":"C:\\Users\\Lenovo\\Desktop\\lowcode\\packages\\moten-ui\\src\\components\\image\\index.vue","all":false,"statementMap":{"1":{"start":{"line":2,"column":0},"end":{"line":2,"column":26}},"2":{"start":{"line":3,"column":0},"end":{"line":3,"column":55}},"3":{"start":{"line":4,"column":0},"end":{"line":4,"column":82}},"4":{"start":{"line":5,"column":0},"end":{"line":5,"column":18}},"5":{"start":{"line":6,"column":0},"end":{"line":6,"column":37}},"6":{"start":{"line":7,"column":0},"end":{"line":7,"column":56}},"7":{"start":{"line":8,"column":0},"end":{"line":8,"column":14}},"8":{"start":{"line":9,"column":0},"end":{"line":9,"column":10}},"13":{"start":{"line":14,"column":0},"end":{"line":14,"column":53}},"14":{"start":{"line":15,"column":0},"end":{"line":15,"column":39}},"15":{"start":{"line":16,"column":0},"end":{"line":16,"column":31}},"16":{"start":{"line":17,"column":0},"end":{"line":17,"column":38}},"17":{"start":{"line":18,"column":0},"end":{"line":18,"column":40}},"19":{"start":{"line":20,"column":0},"end":{"line":20,"column":38}},"23":{"start":{"line":24,"column":0},"end":{"line":24,"column":36}},"24":{"start":{"line":25,"column":0},"end":{"line":25,"column":44}},"25":{"start":{"line":26,"column":0},"end":{"line":26,"column":39}},"26":{"start":{"line":27,"column":0},"end":{"line":27,"column":26}},"27":{"start":{"line":28,"column":0},"end":{"line":28,"column":67}},"28":{"start":{"line":29,"column":0},"end":{"line":29,"column":71}},"29":{"start":{"line":30,"column":0},"end":{"line":30,"column":69}},"30":{"start":{"line":31,"column":0},"end":{"line":31,"column":73}},"31":{"start":{"line":32,"column":0},"end":{"line":32,"column":77}}},"s":{"1":1,"2":1,"3":1,"4":1,"5":1,"6":1,"7":1,"8":1,"13":1,"14":1,"15":1,"16":1,"17":1,"19":1,"23":1,"24":1,"25":1,"26":1,"27":1,"28":1,"29":1,"30":1,"31":1},"branchMap":{"0":{"type":"branch","line":26,"loc":{"start":{"line":26,"column":25},"end":{"line":26,"column":38}},"locations":[{"start":{"line":26,"column":25},"end":{"line":26,"column":38}}]},"1":{"type":"branch","line":28,"loc":{"start":{"line":28,"column":21},"end":{"line":28,"column":66}},"locations":[{"start":{"line":28,"column":21},"end":{"line":28,"column":66}}]},"2":{"type":"branch","line":28,"loc":{"start":{"line":28,"column":59},"end":{"line":28,"column":66}},"locations":[{"start":{"line":28,"column":59},"end":{"line":28,"column":66}}]},"3":{"type":"branch","line":29,"loc":{"start":{"line":29,"column":23},"end":{"line":29,"column":70}},"locations":[{"start":{"line":29,"column":23},"end":{"line":29,"column":70}}]},"4":{"type":"branch","line":29,"loc":{"start":{"line":29,"column":41},"end":{"line":29,"column":68}},"locations":[{"start":{"line":29,"column":41},"end":{"line":29,"column":68}}]},"5":{"type":"branch","line":30,"loc":{"start":{"line":30,"column":22},"end":{"line":30,"column":68}},"locations":[{"start":{"line":30,"column":22},"end":{"line":30,"column":68}}]},"6":{"type":"branch","line":30,"loc":{"start":{"line":30,"column":40},"end":{"line":30,"column":66}},"locations":[{"start":{"line":30,"column":40},"end":{"line":30,"column":66}}]},"7":{"type":"branch","line":31,"loc":{"start":{"line":31,"column":24},"end":{"line":31,"column":72}},"locations":[{"start":{"line":31,"column":24},"end":{"line":31,"column":72}}]},"8":{"type":"branch","line":31,"loc":{"start":{"line":31,"column":42},"end":{"line":31,"column":70}},"locations":[{"start":{"line":31,"column":42},"end":{"line":31,"column":70}}]},"9":{"type":"branch","line":32,"loc":{"start":{"line":32,"column":24},"end":{"line":32,"column":76}},"locations":[{"start":{"line":32,"column":24},"end":{"line":32,"column":76}}]},"10":{"type":"branch","line":3,"loc":{"start":{"line":3,"column":23},"end":{"line":6,"column":20}},"locations":[{"start":{"line":3,"column":23},"end":{"line":6,"column":20}}]},"11":{"type":"branch","line":6,"loc":{"start":{"line":6,"column":8},"end":{"line":7,"column":56}},"locations":[{"start":{"line":6,"column":8},"end":{"line":7,"column":56}}]}},"b":{"0":[2],"1":[2],"2":[1],"3":[1],"4":[0],"5":[1],"6":[0],"7":[1],"8":[0],"9":[1],"10":[1],"11":[1]},"fnMap":{},"f":{}}
,"C:\\Users\\Lenovo\\Desktop\\lowcode\\packages\\moten-ui\\src\\components\\image\\props.ts": {"path":"C:\\Users\\Lenovo\\Desktop\\lowcode\\packages\\moten-ui\\src\\components\\image\\props.ts","all":false,"statementMap":{"29":{"start":{"line":30,"column":0},"end":{"line":30,"column":22}},"30":{"start":{"line":31,"column":0},"end":{"line":31,"column":9}},"31":{"start":{"line":32,"column":0},"end":{"line":32,"column":47}},"32":{"start":{"line":33,"column":0},"end":{"line":33,"column":21}},"33":{"start":{"line":34,"column":0},"end":{"line":34,"column":16}},"34":{"start":{"line":35,"column":0},"end":{"line":35,"column":20}},"35":{"start":{"line":36,"column":0},"end":{"line":36,"column":19}},"36":{"start":{"line":37,"column":0},"end":{"line":37,"column":8}},"37":{"start":{"line":38,"column":0},"end":{"line":38,"column":12}},"38":{"start":{"line":39,"column":0},"end":{"line":39,"column":20}},"39":{"start":{"line":40,"column":0},"end":{"line":40,"column":19}},"40":{"start":{"line":41,"column":0},"end":{"line":41,"column":8}},"41":{"start":{"line":42,"column":0},"end":{"line":42,"column":13}},"42":{"start":{"line":43,"column":0},"end":{"line":43,"column":20}},"43":{"start":{"line":44,"column":0},"end":{"line":44,"column":19}},"44":{"start":{"line":45,"column":0},"end":{"line":45,"column":8}},"45":{"start":{"line":46,"column":0},"end":{"line":46,"column":14}},"46":{"start":{"line":47,"column":0},"end":{"line":47,"column":20}},"47":{"start":{"line":48,"column":0},"end":{"line":48,"column":19}},"48":{"start":{"line":49,"column":0},"end":{"line":49,"column":8}},"49":{"start":{"line":50,"column":0},"end":{"line":50,"column":15}},"50":{"start":{"line":51,"column":0},"end":{"line":51,"column":20}},"51":{"start":{"line":52,"column":0},"end":{"line":52,"column":19}},"52":{"start":{"line":53,"column":0},"end":{"line":53,"column":8}},"53":{"start":{"line":54,"column":0},"end":{"line":54,"column":7}},"54":{"start":{"line":55,"column":0},"end":{"line":55,"column":4}},"55":{"start":{"line":56,"column":0},"end":{"line":56,"column":13}},"56":{"start":{"line":57,"column":0},"end":{"line":57,"column":48}},"57":{"start":{"line":58,"column":0},"end":{"line":58,"column":23}},"58":{"start":{"line":59,"column":0},"end":{"line":59,"column":28}},"59":{"start":{"line":60,"column":0},"end":{"line":60,"column":49}},"60":{"start":{"line":61,"column":0},"end":{"line":61,"column":6}},"61":{"start":{"line":62,"column":0},"end":{"line":62,"column":4}},"62":{"start":{"line":63,"column":0},"end":{"line":63,"column":2}}},"s":{"29":1,"30":1,"31":1,"32":1,"33":1,"34":1,"35":1,"36":1,"37":1,"38":1,"39":1,"40":1,"41":1,"42":1,"43":1,"44":1,"45":1,"46":1,"47":1,"48":1,"49":1,"50":1,"51":1,"52":1,"53":1,"54":1,"55":1,"56":1,"57":1,"58":1,"59":2,"60":2,"61":1,"62":1},"branchMap":{"0":{"type":"branch","line":33,"loc":{"start":{"line":33,"column":13},"end":{"line":54,"column":7}},"locations":[{"start":{"line":33,"column":13},"end":{"line":54,"column":7}}]},"1":{"type":"branch","line":59,"loc":{"start":{"line":59,"column":4},"end":{"line":61,"column":6}},"locations":[{"start":{"line":59,"column":4},"end":{"line":61,"column":6}}]}},"b":{"0":[1],"1":[2]},"fnMap":{"0":{"name":"default","decl":{"start":{"line":33,"column":13},"end":{"line":54,"column":7}},"loc":{"start":{"line":33,"column":13},"end":{"line":54,"column":7}},"line":33},"1":{"name":"validator","decl":{"start":{"line":59,"column":4},"end":{"line":61,"column":6}},"loc":{"start":{"line":59,"column":4},"end":{"line":61,"column":6}},"line":59}},"f":{"0":1,"1":2}}
,"C:\\Users\\Lenovo\\Desktop\\lowcode\\packages\\moten-ui\\src\\components\\link\\index.ts": {"path":"C:\\Users\\Lenovo\\Desktop\\lowcode\\packages\\moten-ui\\src\\components\\link\\index.ts","all":false,"statementMap":{"0":{"start":{"line":1,"column":0},"end":{"line":1,"column":49}},"1":{"start":{"line":2,"column":0},"end":{"line":2,"column":36}},"4":{"start":{"line":5,"column":0},"end":{"line":5,"column":50}}},"s":{"0":1,"1":1,"4":1},"branchMap":{},"b":{},"fnMap":{},"f":{}}
,"C:\\Users\\Lenovo\\Desktop\\lowcode\\packages\\moten-ui\\src\\components\\link\\index.vue": {"path":"C:\\Users\\Lenovo\\Desktop\\lowcode\\packages\\moten-ui\\src\\components\\link\\index.vue","all":false,"statementMap":{"1":{"start":{"line":2,"column":0},"end":{"line":2,"column":95}},"2":{"start":{"line":3,"column":0},"end":{"line":3,"column":21}},"3":{"start":{"line":4,"column":0},"end":{"line":4,"column":16}},"7":{"start":{"line":8,"column":0},"end":{"line":8,"column":53}},"8":{"start":{"line":9,"column":0},"end":{"line":9,"column":39}},"9":{"start":{"line":10,"column":0},"end":{"line":10,"column":31}},"11":{"start":{"line":12,"column":0},"end":{"line":12,"column":37}},"13":{"start":{"line":14,"column":0},"end":{"line":14,"column":36}},"14":{"start":{"line":15,"column":0},"end":{"line":15,"column":40}},"15":{"start":{"line":16,"column":0},"end":{"line":16,"column":37}},"16":{"start":{"line":17,"column":0},"end":{"line":17,"column":28}},"17":{"start":{"line":18,"column":0},"end":{"line":18,"column":31}},"18":{"start":{"line":19,"column":0},"end":{"line":19,"column":53}},"19":{"start":{"line":20,"column":0},"end":{"line":20,"column":2}},"21":{"start":{"line":22,"column":0},"end":{"line":22,"column":39}},"22":{"start":{"line":23,"column":0},"end":{"line":23,"column":83}},"23":{"start":{"line":24,"column":0},"end":{"line":24,"column":2}}},"s":{"1":1,"2":1,"3":1,"7":1,"8":1,"9":1,"11":1,"13":1,"14":1,"15":1,"16":1,"17":1,"18":1,"19":1,"21":1,"22":1,"23":1},"branchMap":{"0":{"type":"branch","line":16,"loc":{"start":{"line":16,"column":25},"end":{"line":16,"column":36}},"locations":[{"start":{"line":16,"column":25},"end":{"line":16,"column":36}}]},"1":{"type":"branch","line":17,"loc":{"start":{"line":17,"column":21},"end":{"line":20,"column":1}},"locations":[{"start":{"line":17,"column":21},"end":{"line":20,"column":1}}]},"2":{"type":"branch","line":18,"loc":{"start":{"line":18,"column":18},"end":{"line":18,"column":31}},"locations":[{"start":{"line":18,"column":18},"end":{"line":18,"column":31}}]},"3":{"type":"branch","line":19,"loc":{"start":{"line":19,"column":26},"end":{"line":19,"column":40}},"locations":[{"start":{"line":19,"column":26},"end":{"line":19,"column":40}}]},"4":{"type":"branch","line":22,"loc":{"start":{"line":22,"column":32},"end":{"line":24,"column":1}},"locations":[{"start":{"line":22,"column":32},"end":{"line":24,"column":1}}]},"5":{"type":"branch","line":3,"loc":{"start":{"line":3,"column":8},"end":{"line":3,"column":21}},"locations":[{"start":{"line":3,"column":8},"end":{"line":3,"column":21}}]}},"b":{"0":[1],"1":[1],"2":[0],"3":[0],"4":[1],"5":[1]},"fnMap":{},"f":{}}
,"C:\\Users\\Lenovo\\Desktop\\lowcode\\packages\\moten-ui\\src\\components\\link\\props.ts": {"path":"C:\\Users\\Lenovo\\Desktop\\lowcode\\packages\\moten-ui\\src\\components\\link\\props.ts","all":false,"statementMap":{"7":{"start":{"line":8,"column":0},"end":{"line":8,"column":22}},"8":{"start":{"line":9,"column":0},"end":{"line":9,"column":7}},"9":{"start":{"line":10,"column":0},"end":{"line":10,"column":17}},"10":{"start":{"line":11,"column":0},"end":{"line":11,"column":15}},"11":{"start":{"line":12,"column":0},"end":{"line":12,"column":4}},"12":{"start":{"line":13,"column":0},"end":{"line":13,"column":11}},"13":{"start":{"line":14,"column":0},"end":{"line":14,"column":48}},"14":{"start":{"line":15,"column":0},"end":{"line":15,"column":22}},"15":{"start":{"line":16,"column":0},"end":{"line":16,"column":3}},"16":{"start":{"line":17,"column":0},"end":{"line":17,"column":2}}},"s":{"7":1,"8":1,"9":1,"10":1,"11":1,"12":1,"13":1,"14":1,"15":1,"16":1},"branchMap":{},"b":{},"fnMap":{},"f":{}}
}
